Grammar

    0 $accept: input $end

    1 input: %empty
    2      | input line

    3 line: QUESTION EOL


Terminals, with rules where they appear

    $end (0) 0
    error (256)
    QUESTION (258) 3
    EOL (259) 3


Nonterminals, with rules where they appear

    $accept (5)
        on left: 0
    input (6)
        on left: 1 2
        on right: 0 2
    line (7)
        on left: 3
        on right: 2


State 0

    0 $accept: . input $end

    $default  reduce using rule 1 (input)

    input  go to state 1


State 1

    0 $accept: input . $end
    2 input: input . line

    $end      shift, and go to state 2
    QUESTION  shift, and go to state 3

    line  go to state 4


State 2

    0 $accept: input $end .

    $default  accept


State 3

    3 line: QUESTION . EOL

    EOL  shift, and go to state 5


State 4

    2 input: input line .

    $default  reduce using rule 2 (input)


State 5

    3 line: QUESTION EOL .

    $default  reduce using rule 3 (line)
